<?xml version="1.0" encoding="UTF-8"?>
<!-- Generated by org.testng.reporters.JUnitReportReporter -->
<testsuite hostname="vasu-PC" name="com.vasu.testng.FlightBooking" tests="1" failures="0" timestamp="27 Jul 2018 04:26:01 GMT" time="0.006" errors="0">
  <testcase name="book" time="0.006" classname="com.vasu.testng.FlightBooking"/>
</testsuite> <!-- com.vasu.testng.FlightBooking -->
