<?xml version="1.0" encoding="UTF-8"?>
<!-- Generated by org.testng.reporters.JUnitReportReporter -->
<testsuite hostname="vasu-PC" name="com.vasu.testng.BeforeTestAftertest" tests="1" failures="0" timestamp="26 Jul 2018 04:46:47 GMT" time="1.704" errors="0">
  <testcase name="mouse" time="1.704" classname="com.vasu.testng.BeforeTestAftertest"/>
</testsuite> <!-- com.vasu.testng.BeforeTestAftertest -->
