<?xml version="1.0" encoding="UTF-8"?>
<!-- Generated by org.testng.reporters.JUnitReportReporter -->
<testsuite hostname="vasu-PC" name="com.vasu.testng.TicketCancellation" tests="1" failures="0" timestamp="27 Jul 2018 04:26:01 GMT" time="0.002" errors="0">
  <testcase name="cancel" time="0.002" classname="com.vasu.testng.TicketCancellation"/>
</testsuite> <!-- com.vasu.testng.TicketCancellation -->
