<?xml version="1.0" encoding="UTF-8"?>
<!-- Generated by org.testng.reporters.JUnitReportReporter -->
<testsuite hostname="vasu-PC" name="com.vasu.testng.FirstTestNgTest" tests="1" failures="0" timestamp="26 Jul 2018 04:46:47 GMT" time="0.001" errors="0">
  <testcase name="first" time="0.001" classname="com.vasu.testng.FirstTestNgTest"/>
</testsuite> <!-- com.vasu.testng.FirstTestNgTest -->
