<?xml version="1.0" encoding="UTF-8"?>
<!-- Generated by org.testng.reporters.JUnitReportReporter -->
<testsuite hostname="vasu-PC" name="com.vasu.testng.MultipleTestCases" tests="3" failures="0" timestamp="26 Jul 2018 04:46:47 GMT" time="0.006" errors="0">
  <testcase name="appLaunch" time="0.001" classname="com.vasu.testng.MultipleTestCases"/>
  <testcase name="appLogin" time="0.003" classname="com.vasu.testng.MultipleTestCases"/>
  <testcase name="appClose" time="0.002" classname="com.vasu.testng.MultipleTestCases"/>
</testsuite> <!-- com.vasu.testng.MultipleTestCases -->
