<?xml version="1.0" encoding="UTF-8"?>
<!-- Generated by org.testng.reporters.JUnitReportReporter -->
<testsuite hostname="vasu-PC" name="com.vasu.testng.AnnotationsTest" tests="2" failures="0" timestamp="26 Jul 2018 04:46:47 GMT" time="0.017" errors="0">
  <testcase name="method1" time="0.016" classname="com.vasu.testng.AnnotationsTest"/>
  <testcase name="method2" time="0.001" classname="com.vasu.testng.AnnotationsTest"/>
</testsuite> <!-- com.vasu.testng.AnnotationsTest -->
